[debug] [2019-06-22T02:57:39.086Z] ----------------------------------------------------------------------
[debug] [2019-06-22T02:57:39.089Z] Command:       C:\Program Files\nodejs\node.exe C:\Program Files\nodejs\node_modules\firebase-tools\lib\bin\firebase.js deploy
[debug] [2019-06-22T02:57:39.089Z] CLI Version:   7.0.1
[debug] [2019-06-22T02:57:39.089Z] Platform:      win32
[debug] [2019-06-22T02:57:39.089Z] Node Version:  v10.15.0
[debug] [2019-06-22T02:57:39.090Z] Time:          Sat Jun 22 2019 04:57:39 GMT+0200 (South Africa Standard Time)
[debug] [2019-06-22T02:57:39.090Z] ----------------------------------------------------------------------
[debug] 
[debug] [2019-06-22T02:57:39.103Z] > command requires scopes: ["email","openid","https://www.googleapis.com/auth/cloudplatformprojects.readonly","https://www.googleapis.com/auth/firebase","https://www.googleapis.com/auth/cloud-platform"]
[debug] [2019-06-22T02:57:39.103Z] > authorizing via signed-in user
[debug] [2019-06-22T02:57:39.103Z] [iam] checking project firechat-14ad7 for permissions ["cloudfunctions.functions.create","cloudfunctions.functions.delete","cloudfunctions.functions.get","cloudfunctions.functions.list","cloudfunctions.functions.update","cloudfunctions.operations.get","firebase.projects.get","firebasehosting.sites.update"]
[debug] [2019-06-22T02:57:39.105Z] >>> HTTP REQUEST POST https://cloudresourcemanager.googleapis.com/v1/projects/firechat-14ad7:testIamPermissions  

[debug] [2019-06-22T02:57:41.350Z] <<< HTTP RESPONSE 200
[debug] [2019-06-22T02:57:41.352Z] >>> HTTP REQUEST GET https://firebase.googleapis.com/v1beta1/projects/firechat-14ad7  
 
[debug] [2019-06-22T02:57:42.322Z] <<< HTTP RESPONSE 200
[info] 
[info] === Deploying to 'firechat-14ad7'...
[info] 
[info] i  deploying functions, hosting
[info] Running command: npm --prefix "$RESOURCE_DIR" run lint
[info] Running command: npm --prefix "$RESOURCE_DIR" run build
